Started GET "/" for 127.0.0.1 at 2017-04-23 23:18:16 +0530
Processing by Rails::WelcomeController#index as HTML
  Parameters: {"internal"=>true}
  Rendering /var/lib/gems/2.3.0/gems/railties-5.0.2/lib/rails/templates/rails/welcome/index.html.erb
  Rendered /var/lib/gems/2.3.0/gems/railties-5.0.2/lib/rails/templates/rails/welcome/index.html.erb (4.5ms)
Completed 200 OK in 15ms (Views: 7.5ms | ActiveRecord: 0.0ms)


Started GET "/" for 127.0.0.1 at 2017-04-23 23:19:00 +0530
  
SyntaxError (/home/raghav/workspace/apps/flipkart-test/app/controllers/product_controller.rb:7: syntax error, unexpected end-of-input, expecting keyword_end):
  
app/controllers/product_controller.rb:7: syntax error, unexpected end-of-input, expecting keyword_end
  Rendering /var/lib/gems/2.3.0/gems/actionpack-5.0.2/lib/action_dispatch/middleware/templates/rescues/diagnostics.html.erb within rescues/layout
  Rendering /var/lib/gems/2.3.0/gems/actionpack-5.0.2/lib/action_dispatch/middleware/templates/rescues/_source.html.erb
  Rendered /var/lib/gems/2.3.0/gems/actionpack-5.0.2/lib/action_dispatch/middleware/templates/rescues/_source.html.erb (2.4ms)
  Rendering /var/lib/gems/2.3.0/gems/actionpack-5.0.2/lib/action_dispatch/middleware/templates/rescues/_trace.html.erb
  Rendered /var/lib/gems/2.3.0/gems/actionpack-5.0.2/lib/action_dispatch/middleware/templates/rescues/_trace.html.erb (1.3ms)
  Rendering /var/lib/gems/2.3.0/gems/actionpack-5.0.2/lib/action_dispatch/middleware/templates/rescues/_request_and_response.html.erb
  Rendered /var/lib/gems/2.3.0/gems/actionpack-5.0.2/lib/action_dispatch/middleware/templates/rescues/_request_and_response.html.erb (0.6ms)
  Rendered /var/lib/gems/2.3.0/gems/actionpack-5.0.2/lib/action_dispatch/middleware/templates/rescues/diagnostics.html.erb within rescues/layout (20.4ms)
Started GET "/" for 127.0.0.1 at 2017-04-23 23:19:35 +0530
Processing by ProductController#get_product as HTML
  Rendering product/get_product.html.erb within layouts/application
  Rendered product/get_product.html.erb within layouts/application (0.3ms)
Completed 200 OK in 1926ms (Views: 1521.8ms | ActiveRecord: 0.0ms)


Started GET "/" for 127.0.0.1 at 2017-04-23 23:34:07 +0530
Processing by ProductController#get_product as HTML
  Rendering product/get_product.html.erb within layouts/application
  Rendered product/get_product.html.erb within layouts/application (0.5ms)
Completed 200 OK in 1603ms (Views: 100.0ms | ActiveRecord: 0.0ms)


